11:34:20: INFO [model.py:7] [OK] Fuck yeah! Database is here: database/notax.db
11:34:20: INFO [model.py:63] [OK] Database connection is working
11:34:57: INFO [model.py:7] [OK] Fuck yeah! Database path: database/notax.db
11:34:57: INFO [model.py:63] [OK] Database connection is working
11:35:53: INFO [model.py:7] [OK] Fuck yeah! Database path: database/notax.db
11:35:53: INFO [model.py:63] [OK] Database connection is working
11:39:29: INFO [model.py:7] [OK] Fuck yeah! Database path: database/notax.db
11:39:37: INFO [model.py:7] [OK] Fuck yeah! Database path: database/notax.db
11:39:37: INFO [model.py:64] [OK] Database connection is working
11:40:39: INFO [model.py:7] [OK] Fuck yeah! Database path: database/notax.db
11:42:46: INFO [model.py:7] [OK] Fuck yeah! Database path: database/notax.db
11:44:32: INFO [model.py:7] [OK] Fuck yeah! Database path: database/notax.db
11:44:32: INFO [model.py:64] [OK] Database connection is working
11:45:57: INFO [model.py:7] [OK] Fuck yeah! Database path: database/notax.db
11:45:57: INFO [model.py:64] [OK] Database connection is working
11:47:29: INFO [model.py:7] [OK] Fuck yeah! Database path: database/notax.db
11:47:41: INFO [model.py:7] [OK] Fuck yeah! Database path: database/notax.db
11:48:04: INFO [model.py:7] [OK] Fuck yeah! Database path: database/notax.db
11:48:04: INFO [model.py:64] [OK] Database connection is working
11:48:23: INFO [model.py:7] [OK] Fuck yeah! Database path: database/notax.db
11:48:34: INFO [model.py:7] [OK] Fuck yeah! Database path: database/notax.db
11:48:34: INFO [model.py:64] [OK] Database connection is working
11:51:18: INFO [model.py:7] [OK] Fuck yeah! Database path: database/notax.db
11:51:18: INFO [model.py:64] [OK] Database connection is working
11:53:09: INFO [model.py:7] [OK] Fuck yeah! Database path: database/notax.db
11:53:09: INFO [model.py:64] [OK] Database connection is working
12:01:08: INFO [model.py:7] [OK] Fuck yeah! Database path: database/notax.db
12:01:08: INFO [model.py:64] [OK] Database connection is working
12:01:54: INFO [model.py:7] [OK] Fuck yeah! Database path: database/notax.db
12:01:54: INFO [model.py:64] [OK] Database connection is working
12:02:49: INFO [model.py:7] [OK] Fuck yeah! Database path: database/notax.db
12:02:49: INFO [model.py:64] [OK] Database connection is working
12:03:39: INFO [model.py:7] [OK] Fuck yeah! Database path: database/notax.db
12:03:39: INFO [model.py:64] [OK] Database connection is working
12:04:03: INFO [model.py:7] [OK] Fuck yeah! Database path: database/notax.db
12:04:31: INFO [model.py:7] [OK] Fuck yeah! Database path: database/notax.db
12:04:31: INFO [model.py:64] [OK] Database connection is working
12:04:51: INFO [model.py:7] [OK] Fuck yeah! Database path: database/notax.db
12:04:51: INFO [model.py:64] [OK] Database connection is working
12:04:59: INFO [model.py:7] [OK] Fuck yeah! Database path: database/notax.db
12:04:59: INFO [model.py:64] [OK] Database connection is working
12:06:35: INFO [model.py:7] [OK] Fuck yeah! Database path: database/notax.db
12:06:35: INFO [model.py:64] [OK] Database connection is working
12:06:56: INFO [model.py:7] [OK] Fuck yeah! Database path: database/notax.db
12:06:56: INFO [model.py:64] [OK] Database connection is working
12:07:37: INFO [model.py:7] [OK] Fuck yeah! Database path: database/notax.db
12:07:37: INFO [model.py:64] [OK] Database connection is working
12:08:43: INFO [model.py:7] [OK] Fuck yeah! Database path: database/notax.db
12:08:43: INFO [model.py:64] [OK] Database connection is working
12:09:48: INFO [model.py:7] [OK] Fuck yeah! Database path: database/notax.db
12:09:48: INFO [model.py:64] [OK] Database connection is working
12:10:30: INFO [model.py:7] [OK] Fuck yeah! Database path: database/notax.db
12:10:30: INFO [model.py:64] [OK] Database connection is working
12:10:52: INFO [model.py:7] [OK] Fuck yeah! Database path: database/notax.db
12:10:52: INFO [model.py:64] [OK] Database connection is working
12:11:31: INFO [model.py:7] [OK] Fuck yeah! Database path: database/notax.db
12:11:31: INFO [model.py:64] [OK] Database connection is working
12:20:21: INFO [model.py:7] [OK] Fuck yeah! Database path: database/notax.db
12:20:21: INFO [model.py:63] [OK] Database connection is working
12:20:43: INFO [model.py:7] [OK] Fuck yeah! Database path: database/notax.db
12:20:43: INFO [model.py:63] [OK] Database connection is working
12:21:15: INFO [model.py:7] [OK] Fuck yeah! Database path: database/notax.db
12:21:15: INFO [model.py:63] [OK] Database connection is working
12:21:30: INFO [model.py:7] [OK] Fuck yeah! Database path: database/notax.db
12:21:30: INFO [model.py:63] [OK] Database connection is working
12:21:54: INFO [model.py:7] [OK] Fuck yeah! Database path: database/notax.db
12:21:54: INFO [model.py:63] [OK] Database connection is working
12:24:28: INFO [model.py:7] [OK] Fuck yeah! Database path: database/notax.db
12:24:28: INFO [model.py:64] [OK] Database connection is working
12:35:54: INFO [model.py:7] [OK] Fuck yeah! Database path: database/notax.db
12:35:54: INFO [model.py:65] [OK] Database connection is working
12:36:55: INFO [model.py:7] [OK] Fuck yeah! Database path: database/notax.db
12:36:55: INFO [model.py:65] [OK] Database connection is working
12:37:12: INFO [model.py:7] [OK] Fuck yeah! Database path: database/notax.db
12:37:12: INFO [model.py:64] [OK] Database connection is working
12:37:45: INFO [model.py:7] [OK] Fuck yeah! Database path: database/notax.db
12:37:45: INFO [model.py:64] [OK] Database connection is working
12:38:04: INFO [model.py:7] [OK] Fuck yeah! Database path: database/notax.db
12:38:04: INFO [model.py:64] [OK] Database connection is working
12:38:22: INFO [model.py:7] [OK] Fuck yeah! Database path: database/notax.db
12:38:22: INFO [model.py:64] [OK] Database connection is working
12:38:34: INFO [model.py:7] [OK] Fuck yeah! Database path: database/notax.db
12:38:34: INFO [model.py:64] [OK] Database connection is working
12:39:22: INFO [model.py:7] [OK] Fuck yeah! Database path: database/notax.db
12:39:22: INFO [model.py:64] [OK] Database connection is working
12:40:01: INFO [model.py:7] [OK] Fuck yeah! Database path: database/notax.db
12:40:01: INFO [model.py:65] [OK] Database connection is working
12:46:56: INFO [model.py:7] [OK] Fuck yeah! Database path: database/notax.db
12:46:56: INFO [model.py:71] [OK] Database connection is working
12:55:34: INFO [model.py:7] [OK] Fuck yeah! Database path: database/notax.db
12:55:34: INFO [model.py:71] [OK] Database connection is working
12:57:05: INFO [model.py:7] [OK] Fuck yeah! Database path: database/notax.db
12:57:05: INFO [model.py:71] [OK] Database connection is working
13:07:42: INFO [model.py:7] [OK] Fuck yeah! Database path: database/notax.db
13:07:42: INFO [model.py:71] [OK] Database connection is working
13:07:57: INFO [model.py:7] [OK] Fuck yeah! Database path: database/notax.db
13:07:57: INFO [model.py:71] [OK] Database connection is working
13:08:24: INFO [model.py:7] [OK] Fuck yeah! Database path: database/notax.db
13:08:24: INFO [model.py:71] [OK] Database connection is working
13:08:43: INFO [model.py:7] [OK] Fuck yeah! Database path: database/notax.db
13:08:43: INFO [model.py:71] [OK] Database connection is working
13:09:23: INFO [model.py:7] [OK] Fuck yeah! Database path: database/notax.db
13:09:23: INFO [model.py:71] [OK] Database connection is working
15:59:42: INFO [model.py:7] [OK] Fuck yeah! Database path: database/notax.db
15:59:42: INFO [model.py:73] [OK] Database connection is working
16:22:04: INFO [model.py:7] [OK] Fuck yeah! Database path: database/notax.db
16:22:04: INFO [model.py:74] [OK] Database connection is working
16:23:51: INFO [model.py:7] [OK] Fuck yeah! Database path: database/notax.db
16:23:52: INFO [model.py:74] [OK] Database connection is working
16:24:44: INFO [model.py:7] [OK] Fuck yeah! Database path: database/notax.db
16:24:57: INFO [model.py:7] [OK] Fuck yeah! Database path: database/notax.db
16:24:58: INFO [model.py:74] [OK] Database connection is working
16:26:15: INFO [model.py:7] [OK] Fuck yeah! Database path: database/notax.db
16:26:15: INFO [model.py:74] [OK] Database connection is working
16:27:01: INFO [model.py:7] [OK] Fuck yeah! Database path: database/notax.db
16:27:14: INFO [model.py:7] [OK] Fuck yeah! Database path: database/notax.db
16:27:14: INFO [model.py:74] [OK] Database connection is working
16:29:25: INFO [model.py:7] [OK] Fuck yeah! Database path: database/notax.db
16:29:25: INFO [model.py:74] [OK] Database connection is working
16:29:44: INFO [model.py:7] [OK] Fuck yeah! Database path: database/notax.db
16:29:45: INFO [model.py:74] [OK] Database connection is working
16:31:04: INFO [model.py:7] [OK] Fuck yeah! Database path: database/notax.db
16:31:04: INFO [model.py:74] [OK] Database connection is working
16:31:23: INFO [model.py:7] [OK] Fuck yeah! Database path: database/notax.db
16:31:23: INFO [model.py:74] [OK] Database connection is working
16:31:29: INFO [model.py:7] [OK] Fuck yeah! Database path: database/notax.db
16:31:29: INFO [model.py:74] [OK] Database connection is working
16:34:22: INFO [model.py:7] [OK] Fuck yeah! Database path: database/notax.db
16:34:22: INFO [model.py:74] [OK] Database connection is working
16:35:49: INFO [model.py:7] [OK] Fuck yeah! Database path: database/notax.db
16:35:50: INFO [model.py:74] [OK] Database connection is working
16:36:11: INFO [model.py:7] [OK] Fuck yeah! Database path: database/notax.db
16:36:11: INFO [model.py:74] [OK] Database connection is working
16:36:21: INFO [model.py:7] [OK] Fuck yeah! Database path: database/notax.db
16:36:21: INFO [model.py:74] [OK] Database connection is working
16:36:35: INFO [model.py:7] [OK] Fuck yeah! Database path: database/notax.db
16:36:35: INFO [model.py:74] [OK] Database connection is working
16:39:08: INFO [model.py:7] [OK] Fuck yeah! Database path: database/notax.db
16:39:08: INFO [model.py:74] [OK] Database connection is working
16:39:39: INFO [model.py:7] [OK] Fuck yeah! Database path: database/notax.db
16:39:39: INFO [model.py:74] [OK] Database connection is working
16:40:50: INFO [model.py:7] [OK] Fuck yeah! Database path: database/notax.db
16:40:50: INFO [model.py:74] [OK] Database connection is working
16:40:57: INFO [model.py:7] [OK] Fuck yeah! Database path: database/notax.db
16:40:57: INFO [model.py:74] [OK] Database connection is working
16:41:16: INFO [model.py:7] [OK] Fuck yeah! Database path: database/notax.db
16:41:16: INFO [model.py:74] [OK] Database connection is working
16:41:45: INFO [model.py:7] [OK] Fuck yeah! Database path: database/notax.db
16:41:45: INFO [model.py:74] [OK] Database connection is working
16:42:11: INFO [model.py:7] [OK] Fuck yeah! Database path: database/notax.db
16:42:11: INFO [model.py:74] [OK] Database connection is working
16:42:44: INFO [model.py:7] [OK] Fuck yeah! Database path: database/notax.db
16:42:44: INFO [model.py:74] [OK] Database connection is working
16:43:58: INFO [model.py:7] [OK] Fuck yeah! Database path: database/notax.db
16:43:58: INFO [model.py:75] [OK] Database connection is working
16:44:22: INFO [model.py:7] [OK] Fuck yeah! Database path: database/notax.db
16:44:22: INFO [model.py:75] [OK] Database connection is working
16:45:04: INFO [model.py:7] [OK] Fuck yeah! Database path: database/notax.db
16:45:04: INFO [model.py:75] [OK] Database connection is working
16:45:50: INFO [model.py:7] [OK] Fuck yeah! Database path: database/notax.db
16:45:50: INFO [model.py:75] [OK] Database connection is working
16:46:37: INFO [model.py:7] [OK] Fuck yeah! Database path: database/notax.db
16:46:37: INFO [model.py:75] [OK] Database connection is working
16:46:52: INFO [model.py:7] [OK] Fuck yeah! Database path: database/notax.db
16:46:52: INFO [model.py:75] [OK] Database connection is working
16:51:25: INFO [model.py:7] [OK] Fuck yeah! Database path: database/notax.db
16:51:25: INFO [model.py:75] [OK] Database connection is working
16:53:10: INFO [model.py:7] [OK] Fuck yeah! Database path: database/notax.db
16:53:10: INFO [model.py:75] [OK] Database connection is working
16:54:08: INFO [model.py:7] [OK] Fuck yeah! Database path: database/notax.db
16:54:08: INFO [model.py:75] [OK] Database connection is working
17:01:02: INFO [model.py:7] [OK] Fuck yeah! Database path: database/notax.db
17:01:02: INFO [model.py:78] [OK] Database connection is working
17:05:20: INFO [model.py:7] [OK] Fuck yeah! Database path: database/notax.db
17:05:20: INFO [model.py:78] [OK] Database connection is working
17:08:05: INFO [model.py:7] [OK] Fuck yeah! Database path: database/notax.db
17:08:05: INFO [model.py:78] [OK] Database connection is working
17:08:53: INFO [model.py:7] [OK] Fuck yeah! Database path: database/notax.db
17:08:53: INFO [model.py:78] [OK] Database connection is working
17:09:19: INFO [model.py:7] [OK] Fuck yeah! Database path: database/notax.db
17:09:19: ERROR [model.py:81] [!] Database connection error! > Connection already opened.
17:14:55: INFO [model.py:7] [OK] Fuck yeah! Database path: database/notax.db
17:14:55: INFO [model.py:77] [OK] Database connection is working
17:15:08: INFO [model.py:7] [OK] Fuck yeah! Database path: database/notax.db
17:15:32: INFO [model.py:7] [OK] Fuck yeah! Database path: database/notax.db
17:15:32: INFO [model.py:77] [OK] Database connection is working
17:17:01: INFO [model.py:7] [OK] Fuck yeah! Database path: database/notax.db
17:17:01: INFO [model.py:77] [OK] Database connection is working
17:17:22: INFO [model.py:7] [OK] Fuck yeah! Database path: database/notax.db
17:17:22: INFO [model.py:77] [OK] Database connection is working
17:17:32: INFO [model.py:7] [OK] Fuck yeah! Database path: database/notax.db
17:17:32: ERROR [model.py:79] [!] Database connection error! > Connection already opened.
17:18:07: INFO [model.py:7] [OK] Fuck yeah! Database path: database/notax.db
17:18:07: ERROR [model.py:79] [!] Database connection error! > Connection already opened.
17:18:24: INFO [model.py:7] [OK] Fuck yeah! Database path: database/notax.db
17:18:24: INFO [model.py:77] [OK] Database connection is working
17:18:36: INFO [model.py:7] [OK] Fuck yeah! Database path: database/notax.db
17:18:36: ERROR [model.py:79] [!] Database connection error! > Connection already opened.
17:19:15: INFO [model.py:7] [OK] Fuck yeah! Database path: database/notax.db
17:19:15: ERROR [model.py:80] [!] Database connection error! > Connection already opened.
17:20:20: INFO [model.py:7] [OK] Fuck yeah! Database path: database/notax.db
17:20:20: ERROR [model.py:80] [!] Database connection error! > Connection already opened.
17:20:51: INFO [model.py:7] [OK] Fuck yeah! Database path: database/notax.db
17:20:51: ERROR [model.py:80] [!] Database connection error! > Connection already opened.
17:21:59: INFO [model.py:7] [OK] Fuck yeah! Database path: database/notax.db
17:21:59: ERROR [model.py:80] [!] Database connection error! > Connection already opened.
17:22:11: INFO [model.py:7] [OK] Fuck yeah! Database path: database/notax.db
17:22:11: ERROR [model.py:80] [!] Database connection error! > Connection already opened.
17:22:37: INFO [model.py:7] [OK] Fuck yeah! Database path: database/notax.db
17:22:37: ERROR [model.py:80] [!] Database connection error! > Connection already opened.
17:24:22: INFO [model.py:7] [OK] Fuck yeah! Database path: database/notax.db
17:24:22: ERROR [model.py:80] [!] Database connection error! > Connection already opened.
17:35:00: INFO [model.py:7] [OK] Fuck yeah! Database path: database/notax.db
17:35:21: INFO [model.py:7] [OK] Fuck yeah! Database path: database/notax.db
17:36:35: INFO [model.py:7] [OK] Fuck yeah! Database path: database/notax.db
17:36:43: INFO [model.py:7] [OK] Fuck yeah! Database path: database/notax.db
17:36:43: ERROR [model.py:81] [!] Database connection error! > Connection already opened.
17:36:53: INFO [model.py:7] [OK] Fuck yeah! Database path: database/notax.db
17:36:53: ERROR [model.py:81] [!] Database connection error! > Connection already opened.
17:37:09: INFO [model.py:7] [OK] Fuck yeah! Database path: database/notax.db
17:37:09: ERROR [model.py:81] [!] Database connection error! > Connection already opened.
17:37:52: INFO [model.py:7] [OK] Fuck yeah! Database path: database/notax.db
17:37:52: ERROR [model.py:81] [!] Database connection error! > Connection already opened.
17:38:23: INFO [model.py:7] [OK] Fuck yeah! Database path: database/notax.db
17:38:23: ERROR [model.py:81] [!] Database connection error! > Connection already opened.
17:38:40: INFO [model.py:7] [OK] Fuck yeah! Database path: database/notax.db
17:38:40: ERROR [model.py:81] [!] Database connection error! > Connection already opened.
17:38:54: INFO [model.py:7] [OK] Fuck yeah! Database path: database/notax.db
17:38:54: ERROR [model.py:81] [!] Database connection error! > Connection already opened.
17:39:00: INFO [model.py:7] [OK] Fuck yeah! Database path: database/notax.db
17:39:00: ERROR [model.py:81] [!] Database connection error! > Connection already opened.
17:39:09: INFO [model.py:7] [OK] Fuck yeah! Database path: database/notax.db
17:39:09: ERROR [model.py:81] [!] Database connection error! > Connection already opened.
17:40:41: INFO [model.py:7] [OK] Fuck yeah! Database path: database/notax.db
17:40:41: ERROR [model.py:81] [!] Database connection error! > Connection already opened.
17:41:20: INFO [model.py:7] [OK] Fuck yeah! Database path: database/notax.db
17:41:34: INFO [model.py:7] [OK] Fuck yeah! Database path: database/notax.db
17:41:34: ERROR [model.py:86] [!] Database connection error! > Connection already opened.
17:42:23: INFO [model.py:7] [OK] Fuck yeah! Database path: database/notax.db
17:42:30: INFO [model.py:7] [OK] Fuck yeah! Database path: database/notax.db
17:42:35: INFO [model.py:7] [OK] Fuck yeah! Database path: database/notax.db
17:42:35: ERROR [model.py:86] [!] Database connection error! > Connection already opened.
17:43:10: INFO [model.py:7] [OK] Fuck yeah! Database path: database/notax.db
17:43:10: ERROR [model.py:86] [!] Database connection error! > Connection already opened.
17:43:47: INFO [model.py:7] [OK] Fuck yeah! Database path: database/notax.db
17:43:47: ERROR [model.py:83] [!] Database connection error! > Connection already opened.
17:44:47: INFO [model.py:7] [OK] Fuck yeah! Database path: database/notax.db
17:45:11: INFO [model.py:7] [OK] Fuck yeah! Database path: database/notax.db
17:45:52: INFO [model.py:7] [OK] Fuck yeah! Database path: database/notax.db
17:46:24: INFO [model.py:7] [OK] Fuck yeah! Database path: database/notax.db
17:46:30: INFO [model.py:7] [OK] Fuck yeah! Database path: database/notax.db
17:47:57: INFO [model.py:7] [OK] Fuck yeah! Database path: database/notax.db
17:49:57: INFO [model.py:7] [OK] Fuck yeah! Database path: database/notax.db
17:49:58: INFO [model.py:81] [OK] Database connection is working
17:51:33: INFO [model.py:7] [OK] Fuck yeah! Database path: database/notax.db
17:51:33: INFO [model.py:81] [OK] Database connection is working
17:51:47: INFO [model.py:7] [OK] Fuck yeah! Database path: database/notax.db
17:52:05: INFO [model.py:7] [OK] Fuck yeah! Database path: database/notax.db
17:52:19: INFO [model.py:7] [OK] Fuck yeah! Database path: database/notax.db
17:52:19: ERROR [model.py:83] [!] Database connection error! > Connection already opened.
17:52:32: INFO [model.py:7] [OK] Fuck yeah! Database path: database/notax.db
17:52:32: ERROR [model.py:83] [!] Database connection error! > Connection already opened.
18:15:48: INFO [model.py:7] [OK] Fuck yeah! Database path: database/notax.db
18:15:53: INFO [model.py:7] [OK] Fuck yeah! Database path: database/notax.db
18:15:53: ERROR [model.py:87] [!] Database connection error! > Connection already opened.
08:03:22: INFO [model.py:7] [OK] Fuck yeah! Database path: database/notax.db
08:03:22: ERROR [model.py:87] [!] Database connection error! > Connection already opened.
08:06:46: INFO [model.py:7] [OK] Fuck yeah! Database path: database/notax.db
08:07:20: INFO [model.py:7] [OK] Fuck yeah! Database path: database/notax.db
08:07:49: INFO [model.py:7] [OK] Fuck yeah! Database path: database/notax.db
08:07:49: ERROR [model.py:89] [!] Database connection error! > Connection already opened.
08:10:14: INFO [model.py:7] [OK] Fuck yeah! Database path: database/notax.db
08:10:14: ERROR [model.py:93] [!] Database connection error! > Connection already opened.
08:10:31: INFO [model.py:7] [OK] Fuck yeah! Database path: database/notax.db
08:10:31: ERROR [model.py:93] [!] Database connection error! > Connection already opened.
08:10:46: INFO [model.py:7] [OK] Fuck yeah! Database path: database/notax.db
08:10:46: ERROR [model.py:93] [!] Database connection error! > Connection already opened.
08:11:39: INFO [model.py:7] [OK] Fuck yeah! Database path: database/notax.db
08:12:02: INFO [model.py:7] [OK] Fuck yeah! Database path: database/notax.db
08:12:08: INFO [model.py:7] [OK] Fuck yeah! Database path: database/notax.db
08:12:36: INFO [model.py:7] [OK] Fuck yeah! Database path: database/notax.db
08:12:57: INFO [model.py:7] [OK] Fuck yeah! Database path: database/notax.db
08:13:11: INFO [model.py:7] [OK] Fuck yeah! Database path: database/notax.db
17:17:30: INFO [model.py:7] [OK] Fuck yeah! Database path: database/notax.db
17:18:01: INFO [model.py:7] [OK] Fuck yeah! Database path: database/notax.db
18:11:11: INFO [model.py:7] [OK] Fuck yeah! Database path: database/notax.db
18:11:28: INFO [model.py:7] [OK] Fuck yeah! Database path: database/notax.db
18:11:28: INFO [model.py:94] [OK] Database connection is working
18:12:53: INFO [model.py:7] [OK] Fuck yeah! Database path: database/notax.db
18:12:53: INFO [model.py:94] [OK] Database connection is working
18:14:17: INFO [model.py:7] [OK] Fuck yeah! Database path: database/notax.db
18:15:10: INFO [model.py:7] [OK] Fuck yeah! Database path: database/notax.db
18:17:37: INFO [model.py:7] [OK] Fuck yeah! Database path: database/notax.db
18:17:45: INFO [model.py:7] [OK] Fuck yeah! Database path: database/notax.db
18:17:45: INFO [model.py:94] [OK] Database connection is working
18:20:04: INFO [model.py:7] [OK] Fuck yeah! Database path: database/notax.db
18:20:04: ERROR [model.py:101] [!] Database connection error! > Connection already opened.
18:21:01: INFO [model.py:7] [OK] Fuck yeah! Database path: database/notax.db
18:21:01: ERROR [model.py:98] [!] Database connection error! > Connection already opened.
18:21:32: INFO [model.py:7] [OK] Fuck yeah! Database path: database/notax.db
18:21:32: ERROR [model.py:97] [!] Database connection error! > Connection already opened.
18:26:58: INFO [model.py:7] [OK] Fuck yeah! Database path: database/notax.db
18:26:58: ERROR [model.py:97] [!] Database connection error! > Connection already opened.
18:27:17: INFO [model.py:7] [OK] Fuck yeah! Database path: database/notax.db
18:27:17: ERROR [model.py:97] [!] Database connection error! > Connection already opened.
18:31:04: INFO [model.py:7] [OK] Fuck yeah! Database path: database/notax.db
18:31:04: ERROR [model.py:97] [!] Database connection error! > Connection already opened.
18:31:30: INFO [model.py:7] [OK] Fuck yeah! Database path: database/notax.db
18:31:30: ERROR [model.py:97] [!] Database connection error! > Connection already opened.
18:31:41: INFO [model.py:7] [OK] Fuck yeah! Database path: database/notax.db
18:31:41: ERROR [model.py:97] [!] Database connection error! > Connection already opened.
18:32:44: INFO [model.py:7] [OK] Fuck yeah! Database path: database/notax.db
18:32:44: ERROR [model.py:97] [!] Database connection error! > Connection already opened.
18:33:03: INFO [model.py:7] [OK] Fuck yeah! Database path: database/notax.db
18:33:03: ERROR [model.py:97] [!] Database connection error! > Connection already opened.
18:33:22: INFO [model.py:7] [OK] Fuck yeah! Database path: database/notax.db
18:33:22: ERROR [model.py:97] [!] Database connection error! > Connection already opened.
18:33:31: INFO [model.py:7] [OK] Fuck yeah! Database path: database/notax.db
18:33:31: ERROR [model.py:97] [!] Database connection error! > Connection already opened.
18:41:17: INFO [model.py:7] [OK] Fuck yeah! Database path: database/notax.db
18:41:17: INFO [model.py:96] [OK] Database connection is working
18:41:35: INFO [model.py:7] [OK] Fuck yeah! Database path: database/notax.db
18:41:35: ERROR [model.py:97] [!] Database connection error! > Connection already opened.
19:37:39: INFO [model.py:7] [OK] Fuck yeah! Database path: database/notax.db
19:38:39: INFO [model.py:7] [OK] Fuck yeah! Database path: database/notax.db
19:39:38: INFO [model.py:7] [OK] Fuck yeah! Database path: database/notax.db
19:39:38: INFO [model.py:95] [OK] Database connection is working
19:40:27: INFO [model.py:7] [OK] Fuck yeah! Database path: database/notax.db
19:40:27: INFO [model.py:95] [OK] Database connection is working
19:40:42: INFO [model.py:7] [OK] Fuck yeah! Database path: database/notax.db
19:40:42: INFO [model.py:95] [OK] Database connection is working
19:41:52: INFO [model.py:7] [OK] Fuck yeah! Database path: database/notax.db
19:41:53: INFO [model.py:95] [OK] Database connection is working
19:42:10: INFO [model.py:7] [OK] Fuck yeah! Database path: database/notax.db
19:42:10: INFO [model.py:95] [OK] Database connection is working
19:43:10: INFO [model.py:7] [OK] Fuck yeah! Database path: database/notax.db
19:43:10: INFO [model.py:95] [OK] Database connection is working
19:43:50: INFO [model.py:7] [OK] Fuck yeah! Database path: database/notax.db
19:43:50: INFO [model.py:95] [OK] Database connection is working
19:44:19: INFO [model.py:7] [OK] Fuck yeah! Database path: database/notax.db
19:44:19: INFO [model.py:95] [OK] Database connection is working
19:45:34: INFO [model.py:7] [OK] Fuck yeah! Database path: database/notax.db
19:45:34: INFO [model.py:95] [OK] Database connection is working
19:46:04: INFO [model.py:7] [OK] Fuck yeah! Database path: database/notax.db
19:46:04: INFO [model.py:95] [OK] Database connection is working
19:47:02: INFO [model.py:7] [OK] Fuck yeah! Database path: database/notax.db
19:47:02: INFO [model.py:95] [OK] Database connection is working
19:47:30: INFO [model.py:7] [OK] Fuck yeah! Database path: database/notax.db
19:47:30: INFO [model.py:95] [OK] Database connection is working
19:48:59: INFO [model.py:7] [OK] Fuck yeah! Database path: database/notax.db
19:48:59: INFO [model.py:95] [OK] Database connection is working
19:49:20: INFO [model.py:7] [OK] Fuck yeah! Database path: database/notax.db
19:49:20: INFO [model.py:95] [OK] Database connection is working
19:49:47: INFO [model.py:7] [OK] Fuck yeah! Database path: database/notax.db
19:49:47: INFO [model.py:95] [OK] Database connection is working
19:50:13: INFO [model.py:7] [OK] Fuck yeah! Database path: database/notax.db
19:50:13: INFO [model.py:95] [OK] Database connection is working
19:50:25: INFO [model.py:7] [OK] Fuck yeah! Database path: database/notax.db
19:50:25: INFO [model.py:95] [OK] Database connection is working
19:54:37: INFO [model.py:7] [OK] Fuck yeah! Database path: database/notax.db
19:54:37: INFO [model.py:95] [OK] Database connection is working
19:59:52: INFO [model.py:7] [OK] Fuck yeah! Database path: database/notax.db
19:59:52: INFO [model.py:98] [OK] Database connection is working
20:00:37: INFO [model.py:7] [OK] Fuck yeah! Database path: database/notax.db
20:00:37: INFO [model.py:104] [OK] Database connection is working
20:01:40: INFO [model.py:7] [OK] Fuck yeah! Database path: database/notax.db
20:01:40: INFO [model.py:104] [OK] Database connection is working
19:12:07: INFO [model.py:9] [OK] Fuck yeah! Database path: database/notax.db
19:12:07: INFO [model.py:106] [OK] Database connection is working
19:12:35: INFO [model.py:9] [OK] Fuck yeah! Database path: database/notax.db
19:12:35: INFO [model.py:106] [OK] Database connection is working
19:14:09: INFO [model.py:9] [OK] Fuck yeah! Database path: database/notax.db
19:14:09: INFO [model.py:105] [OK] Database connection is working
16:47:19: INFO [model.py:9] [OK] Fuck yeah! Database path: database/notax.db
16:47:19: INFO [model.py:105] [OK] Database connection is working
16:57:26: INFO [model.py:9] [OK] Fuck yeah! Database path: database/notax.db
16:57:26: INFO [model.py:105] [OK] Database connection is working
16:57:49: INFO [model.py:9] [OK] Fuck yeah! Database path: database/notax.db
16:57:49: INFO [model.py:105] [OK] Database connection is working
16:57:59: INFO [model.py:9] [OK] Fuck yeah! Database path: database/notax.db
16:57:59: INFO [model.py:105] [OK] Database connection is working
16:58:23: INFO [model.py:9] [OK] Fuck yeah! Database path: database/notax.db
16:58:23: INFO [model.py:105] [OK] Database connection is working
16:59:56: INFO [model.py:9] [OK] Fuck yeah! Database path: database/notax.db
16:59:56: INFO [model.py:105] [OK] Database connection is working
17:01:42: INFO [model.py:9] [OK] Fuck yeah! Database path: database/notax.db
17:01:42: INFO [model.py:105] [OK] Database connection is working
17:06:41: INFO [model.py:9] [OK] Fuck yeah! Database path: database/notax.db
17:06:41: INFO [model.py:105] [OK] Database connection is working
17:27:49: INFO [model.py:9] [OK] Fuck yeah! Database path: database/notax.db
17:27:49: INFO [model.py:105] [OK] Database connection is working
12:21:11: INFO [model.py:9] [OK] Fuck yeah! Database path: database/notax.db
12:21:11: INFO [model.py:113] [OK] Database connection is working
13:41:29: INFO [model.py:9] [OK] Fuck yeah! Database path: database/notax.db
13:41:29: INFO [model.py:113] [OK] Database connection is working
13:41:32: INFO [model.py:9] [OK] Fuck yeah! Database path: database/notax.db
13:41:32: INFO [model.py:113] [OK] Database connection is working
16:16:05: INFO [model.py:9] [OK] Fuck yeah! Database path: database/notax.db
16:16:05: INFO [model.py:113] [OK] Database connection is working
16:17:56: INFO [model.py:9] [OK] Fuck yeah! Database path: database/notax.db
16:17:56: INFO [model.py:113] [OK] Database connection is working
16:52:18: INFO [model.py:9] [OK] Fuck yeah! Database path: database/notax.db
16:52:18: INFO [model.py:124] [OK] Database connection is working
17:03:03: INFO [model.py:9] [OK] Fuck yeah! Database path: database/notax.db
17:03:03: INFO [model.py:124] [OK] Database connection is working
17:46:46: INFO [model.py:9] [OK] Fuck yeah! Database path: database/notax.db
17:46:46: INFO [model.py:125] [OK] Database connection is working
18:47:55: INFO [model.py:9] [OK] Fuck yeah! Database path: database/notax.db
18:47:55: INFO [model.py:125] [OK] Database connection is working
18:50:49: INFO [model.py:9] [OK] Fuck yeah! Database path: database/notax.db
18:50:49: INFO [model.py:125] [OK] Database connection is working
18:52:26: INFO [model.py:9] [OK] Fuck yeah! Database path: database/notax.db
18:52:26: INFO [model.py:125] [OK] Database connection is working
18:53:45: INFO [model.py:9] [OK] Fuck yeah! Database path: database/notax.db
18:53:45: INFO [model.py:125] [OK] Database connection is working
18:54:15: INFO [model.py:9] [OK] Fuck yeah! Database path: database/notax.db
18:54:15: INFO [model.py:125] [OK] Database connection is working
18:54:24: INFO [model.py:9] [OK] Fuck yeah! Database path: database/notax.db
18:54:24: INFO [model.py:125] [OK] Database connection is working
18:54:59: INFO [model.py:9] [OK] Fuck yeah! Database path: database/notax.db
18:54:59: INFO [model.py:125] [OK] Database connection is working
18:55:38: INFO [model.py:9] [OK] Fuck yeah! Database path: database/notax.db
18:55:38: INFO [model.py:125] [OK] Database connection is working
18:56:03: INFO [model.py:9] [OK] Fuck yeah! Database path: database/notax.db
18:56:03: INFO [model.py:125] [OK] Database connection is working
18:56:27: INFO [model.py:9] [OK] Fuck yeah! Database path: database/notax.db
18:56:27: INFO [model.py:125] [OK] Database connection is working
18:57:39: INFO [model.py:9] [OK] Fuck yeah! Database path: database/notax.db
18:57:39: INFO [model.py:125] [OK] Database connection is working
18:58:33: INFO [model.py:9] [OK] Fuck yeah! Database path: database/notax.db
18:58:33: INFO [model.py:125] [OK] Database connection is working
19:29:11: INFO [model.py:9] [OK] Fuck yeah! Database path: database/notax.db
19:29:11: INFO [model.py:125] [OK] Database connection is working
13:32:36: INFO [model.py:9] [OK] Fuck yeah! Database path: database/notax.db
13:32:36: INFO [model.py:125] [OK] Database connection is working
14:04:05: INFO [model.py:9] [OK] Fuck yeah! Database path: database/notax.db
14:04:05: INFO [model.py:125] [OK] Database connection is working
14:08:03: INFO [model.py:9] [OK] Fuck yeah! Database path: database/notax.db
14:08:03: INFO [model.py:125] [OK] Database connection is working
17:05:26: INFO [model.py:9] [OK] Fuck yeah! Database path: database/notax.db
17:05:26: INFO [model.py:125] [OK] Database connection is working
17:29:35: INFO [model.py:7] [OK] Fuck yeah! Database path: ./database/notax.db
17:29:58: INFO [model.py:7] [OK] Fuck yeah! Database path: ./database/notax.db
17:29:58: ERROR [model.py:120] [!] Database connection error! > unable to open database file
17:31:26: INFO [model.py:7] [OK] Fuck yeah! Database path: ../database/notax.db
17:31:26: INFO [model.py:118] [OK] Database connection is working
17:33:21: INFO [model.py:7] [OK] Fuck yeah! Database path: ../database/notax.db
17:33:21: INFO [model.py:118] [OK] Database connection is working
17:35:45: INFO [model.py:7] [OK] Fuck yeah! Database path: ../database/notax.db
17:35:45: INFO [model.py:118] [OK] Database connection is working
17:36:56: INFO [model.py:7] [OK] Fuck yeah! Database path: ../database/notax.db
17:36:56: INFO [model.py:118] [OK] Database connection is working
17:37:22: INFO [model.py:7] [OK] Fuck yeah! Database path: ../database/notax.db
17:37:22: INFO [model.py:118] [OK] Database connection is working
17:37:30: INFO [model.py:7] [OK] Fuck yeah! Database path: ../database/notax.db
17:37:30: INFO [model.py:118] [OK] Database connection is working
17:37:45: INFO [model.py:7] [OK] Fuck yeah! Database path: ../database/notax.db
17:37:45: INFO [model.py:118] [OK] Database connection is working
17:42:09: INFO [model.py:7] [OK] Fuck yeah! Database path: ../database/notax.db
17:42:09: INFO [model.py:118] [OK] Database connection is working
17:43:12: INFO [model.py:7] [OK] Fuck yeah! Database path: ../database/notax.db
17:43:12: INFO [model.py:118] [OK] Database connection is working
17:43:27: INFO [model.py:7] [OK] Fuck yeah! Database path: ../database/notax.db
17:43:27: INFO [model.py:118] [OK] Database connection is working
17:44:10: INFO [model.py:7] [OK] Fuck yeah! Database path: ../database/notax.db
17:44:10: INFO [model.py:118] [OK] Database connection is working
17:52:39: INFO [model.py:7] [OK] Fuck yeah! Database path: ../database/notax.db
17:52:39: INFO [model.py:115] [OK] Database connection is working
18:00:43: INFO [model.py:7] [OK] Fuck yeah! Database path: ../database/notax.db
18:00:43: INFO [model.py:127] [OK] Database connection is working
18:01:04: INFO [model.py:7] [OK] Fuck yeah! Database path: ../database/notax.db
18:01:04: INFO [model.py:127] [OK] Database connection is working
18:01:11: INFO [model.py:7] [OK] Fuck yeah! Database path: ../database/notax.db
18:01:11: INFO [model.py:127] [OK] Database connection is working
18:12:16: INFO [model.py:7] [OK] Fuck yeah! Database path: ../database/notax.db
18:12:16: INFO [model.py:127] [OK] Database connection is working
18:14:37: INFO [model.py:7] [OK] Fuck yeah! Database path: ../database/notax.db
18:14:37: INFO [model.py:127] [OK] Database connection is working
18:14:52: INFO [model.py:7] [OK] Fuck yeah! Database path: ../database/notax.db
18:14:52: INFO [model.py:127] [OK] Database connection is working
18:15:40: INFO [model.py:7] [OK] Fuck yeah! Database path: ../database/notax.db
18:15:41: INFO [model.py:127] [OK] Database connection is working
18:18:44: INFO [model.py:7] [OK] Fuck yeah! Database path: ../database/notax.db
18:18:45: INFO [model.py:127] [OK] Database connection is working
18:19:57: INFO [model.py:7] [OK] Fuck yeah! Database path: ../database/notax.db
18:19:57: INFO [model.py:124] [OK] Database connection is working
18:24:20: INFO [model.py:7] [OK] Fuck yeah! Database path: ../database/notax.db
18:24:20: INFO [model.py:124] [OK] Database connection is working
18:27:33: INFO [model.py:7] [OK] Fuck yeah! Database path: ../database/notax.db
18:27:33: INFO [model.py:128] [OK] Database connection is working
18:28:09: INFO [model.py:7] [OK] Fuck yeah! Database path: ../database/notax.db
18:28:09: INFO [model.py:128] [OK] Database connection is working
18:34:51: INFO [model.py:7] [OK] Fuck yeah! Database path: ../database/notax.db
18:34:51: INFO [model.py:128] [OK] Database connection is working
18:36:07: INFO [model.py:7] [OK] Fuck yeah! Database path: ../database/notax.db
18:36:07: INFO [model.py:128] [OK] Database connection is working
18:36:28: INFO [model.py:7] [OK] Fuck yeah! Database path: ../database/notax.db
18:36:28: INFO [model.py:128] [OK] Database connection is working
18:36:49: INFO [model.py:7] [OK] Fuck yeah! Database path: ../database/notax.db
18:36:49: INFO [model.py:128] [OK] Database connection is working
18:37:11: INFO [model.py:7] [OK] Fuck yeah! Database path: ../database/notax.db
18:37:11: INFO [model.py:128] [OK] Database connection is working
18:40:08: INFO [model.py:7] [OK] Fuck yeah! Database path: ../database/notax.db
18:40:08: INFO [model.py:128] [OK] Database connection is working
19:06:47: INFO [model.py:7] [OK] Fuck yeah! Database path: ../database/notax.db
19:06:47: INFO [model.py:152] [OK] Database connection is working
19:07:09: INFO [model.py:7] [OK] Fuck yeah! Database path: ../database/notax.db
19:07:09: INFO [model.py:152] [OK] Database connection is working
19:08:09: INFO [model.py:7] [OK] Fuck yeah! Database path: database/notax.db
19:08:09: INFO [model.py:152] [OK] Database connection is working
19:08:57: INFO [model.py:7] [OK] Fuck yeah! Database path: database/notax.db
19:08:57: INFO [model.py:152] [OK] Database connection is working
19:14:01: INFO [model.py:7] [OK] Fuck yeah! Database path: database/notax.db
19:14:01: INFO [model.py:152] [OK] Database connection is working
19:14:26: INFO [model.py:7] [OK] Fuck yeah! Database path: database/notax.db
19:14:26: INFO [model.py:152] [OK] Database connection is working
19:15:19: INFO [model.py:7] [OK] Fuck yeah! Database path: database/notax.db
19:15:19: INFO [model.py:152] [OK] Database connection is working
19:15:36: INFO [model.py:7] [OK] Fuck yeah! Database path: database/notax.db
19:15:36: INFO [model.py:152] [OK] Database connection is working
19:21:35: INFO [model.py:7] [OK] Fuck yeah! Database path: database/notax.db
19:21:35: INFO [model.py:152] [OK] Database connection is working
19:21:44: INFO [model.py:7] [OK] Fuck yeah! Database path: database/notax.db
19:21:44: INFO [model.py:152] [OK] Database connection is working
19:22:02: INFO [model.py:7] [OK] Fuck yeah! Database path: database/notax.db
19:22:02: INFO [model.py:152] [OK] Database connection is working
19:22:10: INFO [model.py:7] [OK] Fuck yeah! Database path: database/notax.db
19:22:10: INFO [model.py:152] [OK] Database connection is working
19:24:49: INFO [model.py:7] [OK] Fuck yeah! Database path: database/notax.db
19:24:49: INFO [model.py:152] [OK] Database connection is working
19:25:21: INFO [model.py:7] [OK] Fuck yeah! Database path: database/notax.db
19:25:21: INFO [model.py:152] [OK] Database connection is working
19:25:42: INFO [model.py:7] [OK] Fuck yeah! Database path: database/notax.db
19:25:42: INFO [model.py:152] [OK] Database connection is working
19:26:46: INFO [model.py:7] [OK] Fuck yeah! Database path: database/notax.db
19:26:46: INFO [model.py:152] [OK] Database connection is working
19:28:28: INFO [model.py:7] [OK] Fuck yeah! Database path: database/notax.db
19:28:28: INFO [model.py:152] [OK] Database connection is working
19:33:35: INFO [model.py:7] [OK] Fuck yeah! Database path: database/notax.db
19:33:35: INFO [model.py:152] [OK] Database connection is working
19:33:56: INFO [model.py:7] [OK] Fuck yeah! Database path: database/notax.db
19:33:56: INFO [model.py:152] [OK] Database connection is working
19:34:36: INFO [model.py:7] [OK] Fuck yeah! Database path: database/notax.db
19:34:36: INFO [model.py:152] [OK] Database connection is working
19:35:05: INFO [model.py:7] [OK] Fuck yeah! Database path: database/notax.db
19:35:05: INFO [model.py:152] [OK] Database connection is working
19:40:19: INFO [model.py:7] [OK] Fuck yeah! Database path: database/notax.db
19:40:19: INFO [model.py:152] [OK] Database connection is working
19:41:07: INFO [model.py:7] [OK] Fuck yeah! Database path: database/notax.db
19:41:07: INFO [model.py:152] [OK] Database connection is working
19:57:53: INFO [model.py:7] [OK] Fuck yeah! Database path: database/notax.db
19:57:53: INFO [model.py:152] [OK] Database connection is working
19:59:19: INFO [model.py:7] [OK] Fuck yeah! Database path: database/notax.db
19:59:19: INFO [model.py:152] [OK] Database connection is working
19:59:38: INFO [model.py:7] [OK] Fuck yeah! Database path: database/notax.db
19:59:38: INFO [model.py:152] [OK] Database connection is working
20:00:17: INFO [model.py:7] [OK] Fuck yeah! Database path: database/notax.db
20:00:17: INFO [model.py:152] [OK] Database connection is working
20:00:24: INFO [model.py:7] [OK] Fuck yeah! Database path: database/notax.db
20:00:24: INFO [model.py:152] [OK] Database connection is working
20:01:30: INFO [model.py:7] [OK] Fuck yeah! Database path: database/notax.db
20:01:30: INFO [model.py:152] [OK] Database connection is working
20:02:11: INFO [model.py:7] [OK] Fuck yeah! Database path: database/notax.db
20:02:11: INFO [model.py:152] [OK] Database connection is working
20:02:29: INFO [model.py:7] [OK] Fuck yeah! Database path: database/notax.db
20:02:29: INFO [model.py:152] [OK] Database connection is working
20:02:37: INFO [model.py:7] [OK] Fuck yeah! Database path: database/notax.db
20:02:37: INFO [model.py:152] [OK] Database connection is working
20:05:39: INFO [model.py:8] [OK] Fuck yeah! Database path: database/notax.db
20:05:39: INFO [model.py:154] [OK] Database connection is working
20:06:29: INFO [model.py:8] [OK] Fuck yeah! Database path: database/notax.db
20:06:29: INFO [model.py:154] [OK] Database connection is working
20:08:33: INFO [model.py:8] [OK] Fuck yeah! Database path: database/notax.db
20:08:33: INFO [model.py:154] [OK] Database connection is working
20:09:05: INFO [model.py:8] [OK] Fuck yeah! Database path: database/notax.db
20:09:05: INFO [model.py:154] [OK] Database connection is working
20:09:13: INFO [model.py:8] [OK] Fuck yeah! Database path: database/notax.db
20:09:13: INFO [model.py:154] [OK] Database connection is working
20:09:57: INFO [model.py:8] [OK] Fuck yeah! Database path: database/notax.db
20:09:57: INFO [model.py:154] [OK] Database connection is working
20:11:13: INFO [model.py:8] [OK] Fuck yeah! Database path: database/notax.db
20:11:13: INFO [model.py:154] [OK] Database connection is working
20:11:19: INFO [model.py:8] [OK] Fuck yeah! Database path: database/notax.db
20:11:19: INFO [model.py:154] [OK] Database connection is working
20:11:56: INFO [model.py:8] [OK] Fuck yeah! Database path: database/notax.db
20:11:56: INFO [model.py:154] [OK] Database connection is working
20:15:32: INFO [model.py:8] [OK] Fuck yeah! Database path: database/notax.db
20:15:32: INFO [model.py:154] [OK] Database connection is working
20:15:52: INFO [model.py:8] [OK] Fuck yeah! Database path: database/notax.db
20:15:52: INFO [model.py:154] [OK] Database connection is working
20:16:13: INFO [model.py:8] [OK] Fuck yeah! Database path: database/notax.db
20:16:21: INFO [model.py:8] [OK] Fuck yeah! Database path: database/notax.db
20:16:21: INFO [model.py:154] [OK] Database connection is working
20:17:42: INFO [model.py:8] [OK] Fuck yeah! Database path: database/notax.db
20:17:43: INFO [model.py:154] [OK] Database connection is working
20:38:11: INFO [model.py:8] [OK] Fuck yeah! Database path: database/notax.db
20:38:55: INFO [model.py:8] [OK] Fuck yeah! Database path: database/notax.db
20:38:55: INFO [model.py:166] [OK] Database connection is working
20:39:01: INFO [model.py:8] [OK] Fuck yeah! Database path: database/notax.db
20:39:01: INFO [model.py:166] [OK] Database connection is working
20:39:29: INFO [model.py:8] [OK] Fuck yeah! Database path: database/notax.db
20:39:29: INFO [model.py:166] [OK] Database connection is working
20:40:15: INFO [model.py:8] [OK] Fuck yeah! Database path: database/notax.db
20:40:15: INFO [model.py:166] [OK] Database connection is working
20:40:42: INFO [model.py:8] [OK] Fuck yeah! Database path: database/notax.db
20:40:58: INFO [model.py:8] [OK] Fuck yeah! Database path: database/notax.db
20:43:06: INFO [model.py:8] [OK] Fuck yeah! Database path: database/notax.db
20:43:41: INFO [model.py:8] [OK] Fuck yeah! Database path: database/notax.db
21:14:28: INFO [model.py:7] [OK] Fuck yeah! Database path: database/notax.db
21:14:52: INFO [model.py:7] [OK] Fuck yeah! Database path: database/notax.db
21:17:12: INFO [model.py:7] [OK] Fuck yeah! Database path: ../database/notax.db
21:17:12: INFO [model.py:168] [OK] Database connection is working
21:17:34: INFO [model.py:7] [OK] Fuck yeah! Database path: database/notax.db
21:17:57: INFO [model.py:7] [OK] Fuck yeah! Database path: database/notax.db
21:18:37: INFO [model.py:7] [OK] Fuck yeah! Database path: database/notax.db
21:26:14: INFO [model.py:7] [OK] Fuck yeah! Database path: database/notax.db
21:28:17: INFO [model.py:7] [OK] Fuck yeah! Database path: database/notax.db
21:30:11: INFO [model.py:7] [OK] Fuck yeah! Database path: database/notax.db
21:31:37: INFO [model.py:7] [OK] Fuck yeah! Database path: database/notax.db
21:32:51: INFO [model.py:7] [OK] Fuck yeah! Database path: database/notax.db
21:34:42: INFO [model.py:7] [OK] Fuck yeah! Database path: database/notax.db
21:35:38: INFO [model.py:7] [OK] Fuck yeah! Database path: database/notax.db
21:37:28: INFO [model.py:7] [OK] Fuck yeah! Database path: database/notax.db
21:39:27: INFO [model.py:7] [OK] Fuck yeah! Database path: database/notax.db
21:40:20: INFO [model.py:7] [OK] Fuck yeah! Database path: database/notax.db
21:40:31: INFO [model.py:7] [OK] Fuck yeah! Database path: database/notax.db
21:41:21: INFO [model.py:7] [OK] Fuck yeah! Database path: database/notax.db
21:43:45: INFO [model.py:7] [OK] Fuck yeah! Database path: database/notax.db
21:44:53: INFO [model.py:7] [OK] Fuck yeah! Database path: database/notax.db
22:08:47: INFO [model.py:7] [OK] Fuck yeah! Database path: database/notax.db
22:09:58: INFO [model.py:7] [OK] Fuck yeah! Database path: database/notax.db
22:14:27: INFO [model.py:7] [OK] Fuck yeah! Database path: database/notax.db
22:16:22: INFO [model.py:7] [OK] Fuck yeah! Database path: database/notax.db
22:18:30: INFO [model.py:7] [OK] Fuck yeah! Database path: database/notax.db
22:19:00: INFO [model.py:7] [OK] Fuck yeah! Database path: database/notax.db
22:21:09: INFO [model.py:7] [OK] Fuck yeah! Database path: database/notax.db
22:23:36: INFO [model.py:7] [OK] Fuck yeah! Database path: database/notax.db
22:24:02: INFO [model.py:7] [OK] Fuck yeah! Database path: database/notax.db
22:26:24: INFO [model.py:7] [OK] Fuck yeah! Database path: database/notax.db
22:37:46: INFO [model.py:7] [OK] Fuck yeah! Database path: database/notax.db
22:38:07: INFO [model.py:7] [OK] Fuck yeah! Database path: database/notax.db
22:42:31: INFO [model.py:7] [OK] Fuck yeah! Database path: database/notax.db
22:43:20: INFO [model.py:7] [OK] Fuck yeah! Database path: database/notax.db
22:47:13: INFO [model.py:7] [OK] Fuck yeah! Database path: database/notax.db
22:47:47: INFO [model.py:7] [OK] Fuck yeah! Database path: database/notax.db
22:54:41: INFO [model.py:7] [OK] Fuck yeah! Database path: database/notax.db
22:55:17: INFO [model.py:7] [OK] Fuck yeah! Database path: database/notax.db
22:56:30: INFO [model.py:7] [OK] Fuck yeah! Database path: database/notax.db
22:57:19: INFO [model.py:7] [OK] Fuck yeah! Database path: database/notax.db
22:57:51: INFO [model.py:7] [OK] Fuck yeah! Database path: database/notax.db
22:58:19: INFO [model.py:7] [OK] Fuck yeah! Database path: database/notax.db
22:59:07: INFO [model.py:7] [OK] Fuck yeah! Database path: database/notax.db
23:00:03: INFO [model.py:7] [OK] Fuck yeah! Database path: database/notax.db
23:00:14: INFO [model.py:7] [OK] Fuck yeah! Database path: database/notax.db
23:00:58: INFO [model.py:7] [OK] Fuck yeah! Database path: database/notax.db
23:15:14: INFO [model.py:7] [OK] Fuck yeah! Database path: database/notax.db
23:20:46: INFO [model.py:7] [OK] Fuck yeah! Database path: database/notax.db
23:21:16: INFO [model.py:7] [OK] Fuck yeah! Database path: ../database/notax.db
23:21:16: INFO [model.py:181] [OK] Database connection is working
23:21:25: INFO [model.py:7] [OK] Fuck yeah! Database path: database/notax.db
23:23:45: INFO [model.py:7] [OK] Fuck yeah! Database path: ../database/notax.db
23:23:45: INFO [model.py:181] [OK] Database connection is working
23:24:05: INFO [model.py:7] [OK] Fuck yeah! Database path: database/notax.db
23:25:28: INFO [model.py:7] [OK] Fuck yeah! Database path: database/notax.db
23:26:13: INFO [model.py:7] [OK] Fuck yeah! Database path: database/notax.db
23:29:47: INFO [model.py:7] [OK] Fuck yeah! Database path: database/notax.db
23:51:28: INFO [model.py:7] [OK] Fuck yeah! Database path: database/notax.db
23:55:01: INFO [model.py:7] [OK] Fuck yeah! Database path: database/notax.db
23:56:59: INFO [model.py:7] [OK] Fuck yeah! Database path: database/notax.db
00:03:48: INFO [model.py:7] [OK] Fuck yeah! Database path: database/notax.db
00:04:09: INFO [model.py:7] [OK] Fuck yeah! Database path: database/notax.db
00:05:29: INFO [model.py:7] [OK] Fuck yeah! Database path: database/notax.db
00:06:57: INFO [model.py:7] [OK] Fuck yeah! Database path: database/notax.db
00:07:23: INFO [model.py:7] [OK] Fuck yeah! Database path: database/notax.db
00:09:17: INFO [model.py:7] [OK] Fuck yeah! Database path: database/notax.db
00:10:06: INFO [model.py:7] [OK] Fuck yeah! Database path: database/notax.db
00:11:05: INFO [model.py:7] [OK] Fuck yeah! Database path: database/notax.db
00:14:51: INFO [model.py:7] [OK] Fuck yeah! Database path: database/notax.db
00:39:38: INFO [model.py:7] [OK] Fuck yeah! Database path: database/notax.db
00:40:47: INFO [model.py:7] [OK] Fuck yeah! Database path: database/notax.db
00:40:56: INFO [model.py:7] [OK] Fuck yeah! Database path: database/notax.db
00:41:06: INFO [model.py:7] [OK] Fuck yeah! Database path: database/notax.db
00:42:03: INFO [model.py:7] [OK] Fuck yeah! Database path: database/notax.db
00:42:15: INFO [model.py:7] [OK] Fuck yeah! Database path: database/notax.db
00:43:27: INFO [model.py:7] [OK] Fuck yeah! Database path: database/notax.db
00:43:41: INFO [model.py:7] [OK] Fuck yeah! Database path: database/notax.db
00:43:54: INFO [model.py:7] [OK] Fuck yeah! Database path: database/notax.db
00:44:34: INFO [model.py:7] [OK] Fuck yeah! Database path: database/notax.db
00:44:57: INFO [model.py:7] [OK] Fuck yeah! Database path: database/notax.db
00:45:14: INFO [model.py:7] [OK] Fuck yeah! Database path: database/notax.db
00:45:20: INFO [model.py:7] [OK] Fuck yeah! Database path: database/notax.db
00:45:27: INFO [model.py:7] [OK] Fuck yeah! Database path: database/notax.db
00:45:34: INFO [model.py:7] [OK] Fuck yeah! Database path: database/notax.db
00:45:42: INFO [model.py:7] [OK] Fuck yeah! Database path: database/notax.db
00:46:12: INFO [model.py:7] [OK] Fuck yeah! Database path: database/notax.db
00:46:24: INFO [model.py:7] [OK] Fuck yeah! Database path: database/notax.db
00:46:36: INFO [model.py:7] [OK] Fuck yeah! Database path: database/notax.db
00:46:44: INFO [model.py:7] [OK] Fuck yeah! Database path: database/notax.db
00:46:50: INFO [model.py:7] [OK] Fuck yeah! Database path: database/notax.db
00:47:44: INFO [model.py:7] [OK] Fuck yeah! Database path: database/notax.db
00:47:57: INFO [model.py:7] [OK] Fuck yeah! Database path: database/notax.db
00:48:27: INFO [model.py:7] [OK] Fuck yeah! Database path: database/notax.db
00:48:37: INFO [model.py:7] [OK] Fuck yeah! Database path: database/notax.db
00:48:46: INFO [model.py:7] [OK] Fuck yeah! Database path: database/notax.db
00:48:55: INFO [model.py:7] [OK] Fuck yeah! Database path: database/notax.db
00:49:08: INFO [model.py:7] [OK] Fuck yeah! Database path: database/notax.db
00:49:15: INFO [model.py:7] [OK] Fuck yeah! Database path: database/notax.db
00:51:52: INFO [model.py:7] [OK] Fuck yeah! Database path: database/notax.db
00:54:15: INFO [model.py:7] [OK] Fuck yeah! Database path: database/notax.db
00:56:24: INFO [model.py:7] [OK] Fuck yeah! Database path: database/notax.db
00:56:46: INFO [model.py:7] [OK] Fuck yeah! Database path: database/notax.db
00:59:05: INFO [model.py:7] [OK] Fuck yeah! Database path: database/notax.db
00:59:46: INFO [model.py:7] [OK] Fuck yeah! Database path: database/notax.db
01:07:17: INFO [model.py:7] [OK] Fuck yeah! Database path: database/notax.db
01:07:20: INFO [model.py:7] [OK] Fuck yeah! Database path: database/notax.db
01:07:50: INFO [model.py:7] [OK] Fuck yeah! Database path: database/notax.db
01:08:06: INFO [model.py:7] [OK] Fuck yeah! Database path: database/notax.db
01:08:43: INFO [model.py:7] [OK] Fuck yeah! Database path: database/notax.db
01:10:26: INFO [model.py:7] [OK] Fuck yeah! Database path: database/notax.db
01:10:42: INFO [model.py:7] [OK] Fuck yeah! Database path: database/notax.db
01:10:52: INFO [model.py:7] [OK] Fuck yeah! Database path: database/notax.db
01:11:03: INFO [model.py:7] [OK] Fuck yeah! Database path: database/notax.db
01:11:10: INFO [model.py:7] [OK] Fuck yeah! Database path: database/notax.db
01:11:23: INFO [model.py:7] [OK] Fuck yeah! Database path: database/notax.db
01:11:30: INFO [model.py:7] [OK] Fuck yeah! Database path: database/notax.db
01:11:41: INFO [model.py:7] [OK] Fuck yeah! Database path: database/notax.db
01:54:06: INFO [model.py:7] [OK] Fuck yeah! Database path: database/notax.db
01:55:07: INFO [model.py:7] [OK] Fuck yeah! Database path: database/notax.db
01:55:20: INFO [model.py:7] [OK] Fuck yeah! Database path: database/notax.db
01:55:36: INFO [model.py:7] [OK] Fuck yeah! Database path: database/notax.db
01:55:58: INFO [model.py:7] [OK] Fuck yeah! Database path: database/notax.db
01:57:59: INFO [model.py:7] [OK] Fuck yeah! Database path: database/notax.db
01:58:08: INFO [model.py:7] [OK] Fuck yeah! Database path: database/notax.db
01:59:17: INFO [model.py:7] [OK] Fuck yeah! Database path: database/notax.db
01:59:37: INFO [model.py:7] [OK] Fuck yeah! Database path: database/notax.db
02:00:15: INFO [model.py:7] [OK] Fuck yeah! Database path: database/notax.db
02:00:20: INFO [model.py:7] [OK] Fuck yeah! Database path: database/notax.db
10:28:42: INFO [model.py:7] [OK] Fuck yeah! Database path: database/notax.db
10:29:22: INFO [model.py:7] [OK] Fuck yeah! Database path: database/notax.db
10:29:56: INFO [model.py:7] [OK] Fuck yeah! Database path: database/notax.db
10:31:35: INFO [model.py:7] [OK] Fuck yeah! Database path: database/notax.db
10:32:21: INFO [model.py:7] [OK] Fuck yeah! Database path: database/notax.db
10:32:39: INFO [model.py:7] [OK] Fuck yeah! Database path: database/notax.db
10:33:06: INFO [model.py:7] [OK] Fuck yeah! Database path: database/notax.db
10:34:27: INFO [model.py:7] [OK] Fuck yeah! Database path: database/notax.db
10:34:57: INFO [model.py:7] [OK] Fuck yeah! Database path: database/notax.db
10:35:20: INFO [model.py:7] [OK] Fuck yeah! Database path: database/notax.db
10:35:38: INFO [model.py:7] [OK] Fuck yeah! Database path: database/notax.db
10:35:55: INFO [model.py:7] [OK] Fuck yeah! Database path: database/notax.db
10:36:20: INFO [model.py:7] [OK] Fuck yeah! Database path: database/notax.db
10:36:55: INFO [model.py:7] [OK] Fuck yeah! Database path: ../database/notax.db
10:36:55: INFO [model.py:222] [OK] Database connection is working
10:37:30: INFO [model.py:7] [OK] Fuck yeah! Database path: ../database/notax.db
10:37:30: INFO [model.py:222] [OK] Database connection is working
10:37:42: INFO [model.py:7] [OK] Fuck yeah! Database path: database/notax.db
10:38:16: INFO [model.py:7] [OK] Fuck yeah! Database path: database/notax.db
10:40:42: INFO [model.py:7] [OK] Fuck yeah! Database path: database/notax.db
11:31:55: INFO [model.py:7] [OK] Fuck yeah! Database path: database/notax.db
11:32:03: INFO [model.py:7] [OK] Fuck yeah! Database path: database/notax.db
11:33:36: INFO [model.py:7] [OK] Fuck yeah! Database path: database/notax.db
11:36:58: INFO [model.py:7] [OK] Fuck yeah! Database path: database/notax.db
11:37:52: INFO [model.py:7] [OK] Fuck yeah! Database path: database/notax.db
11:37:59: INFO [model.py:7] [OK] Fuck yeah! Database path: database/notax.db
11:38:35: INFO [model.py:7] [OK] Fuck yeah! Database path: database/notax.db
11:39:10: INFO [model.py:7] [OK] Fuck yeah! Database path: database/notax.db
11:40:45: INFO [model.py:7] [OK] Fuck yeah! Database path: database/notax.db
11:42:23: INFO [model.py:7] [OK] Fuck yeah! Database path: database/notax.db
11:43:15: INFO [model.py:7] [OK] Fuck yeah! Database path: database/notax.db
11:43:26: INFO [model.py:7] [OK] Fuck yeah! Database path: database/notax.db
11:44:02: INFO [model.py:7] [OK] Fuck yeah! Database path: database/notax.db
11:44:55: INFO [model.py:7] [OK] Fuck yeah! Database path: database/notax.db
11:46:23: INFO [model.py:7] [OK] Fuck yeah! Database path: database/notax.db
11:46:31: INFO [model.py:7] [OK] Fuck yeah! Database path: database/notax.db
11:47:26: INFO [model.py:7] [OK] Fuck yeah! Database path: database/notax.db
11:48:02: INFO [model.py:7] [OK] Fuck yeah! Database path: database/notax.db
21:18:08: INFO [model.py:7] [OK] Fuck yeah! Database path: database/notax.db
21:28:51: INFO [model.py:7] [OK] Fuck yeah! Database path: database/notax.db
17:23:51: INFO [model.py:7] [OK] Fuck yeah! Database path: database/notax.db
17:24:37: INFO [model.py:7] [OK] Fuck yeah! Database path: database/notax.db
18:19:10: INFO [model.py:7] [OK] Fuck yeah! Database path: database/notax.db
18:31:57: INFO [model.py:7] [OK] Fuck yeah! Database path: database/notax.db
18:35:44: INFO [model.py:7] [OK] Fuck yeah! Database path: database/notax.db
18:54:49: INFO [model.py:7] [OK] Fuck yeah! Database path: database/notax.db
18:59:42: INFO [model.py:7] [OK] Fuck yeah! Database path: database/notax.db
19:00:12: INFO [model.py:7] [OK] Fuck yeah! Database path: database/notax.db
19:01:54: INFO [model.py:7] [OK] Fuck yeah! Database path: database/notax.db
11:59:57: INFO [model.py:7] [OK] Fuck yeah! Database path: database/notax.db
12:01:54: INFO [model.py:7] [OK] Fuck yeah! Database path: database/notax.db
12:02:38: INFO [model.py:7] [OK] Fuck yeah! Database path: database/notax.db
12:02:45: INFO [model.py:7] [OK] Fuck yeah! Database path: database/notax.db
13:29:03: INFO [model.py:7] [OK] Fuck yeah! Database path: database/notax.db
16:16:04: INFO [model.py:7] [OK] Fuck yeah! Database path: database/notax.db
17:19:04: INFO [model.py:7] [OK] Fuck yeah! Database path: database/notax.db
18:20:16: INFO [model.py:7] [OK] Fuck yeah! Database path: database/notax.db
18:21:05: INFO [model.py:7] [OK] Fuck yeah! Database path: database/notax.db
19:01:25: INFO [model.py:7] [OK] Fuck yeah! Database path: database/notax.db
12:49:01: INFO [model.py:7] [OK] Fuck yeah! Database path: database/notax.db
12:51:53: INFO [model.py:7] [OK] Fuck yeah! Database path: database/notax.db
12:52:43: INFO [model.py:7] [OK] Fuck yeah! Database path: database/notax.db
12:55:26: INFO [model.py:7] [OK] Fuck yeah! Database path: database/notax.db
13:00:33: INFO [model.py:7] [OK] Fuck yeah! Database path: database/notax.db
13:00:49: INFO [model.py:7] [OK] Fuck yeah! Database path: database/notax.db
13:01:03: INFO [model.py:7] [OK] Fuck yeah! Database path: database/notax.db
13:01:39: INFO [model.py:7] [OK] Fuck yeah! Database path: database/notax.db
13:02:05: INFO [model.py:7] [OK] Fuck yeah! Database path: database/notax.db
13:02:51: INFO [model.py:7] [OK] Fuck yeah! Database path: database/notax.db
13:22:31: INFO [model.py:7] [OK] Fuck yeah! Database path: database/notax.db
16:21:01: INFO [model.py:7] [OK] Fuck yeah! Database path: database/notax.db
16:22:23: INFO [model.py:7] [OK] Fuck yeah! Database path: database/notax.db
17:50:53: INFO [model.py:7] [OK] Fuck yeah! Database path: database/notax.db
19:59:55: INFO [model.py:7] [OK] Fuck yeah! Database path: database/notax.db
20:00:08: INFO [model.py:7] [OK] Fuck yeah! Database path: database/notax.db
22:28:57: INFO [model.py:7] [OK] Fuck yeah! Database path: database/notax.db
22:32:17: INFO [model.py:7] [OK] Fuck yeah! Database path: database/notax.db
22:39:39: INFO [model.py:7] [OK] Fuck yeah! Database path: database/notax.db
22:40:41: INFO [model.py:7] [OK] Fuck yeah! Database path: database/notax.db
22:42:37: INFO [model.py:7] [OK] Fuck yeah! Database path: database/notax.db
21:45:45: INFO [model.py:7] [OK] Fuck yeah! Database path: database/notax.db
21:46:44: INFO [model.py:7] [OK] Fuck yeah! Database path: database/notax.db
21:47:57: INFO [model.py:7] [OK] Fuck yeah! Database path: database/notax.db
21:48:52: INFO [model.py:7] [OK] Fuck yeah! Database path: database/notax.db
21:49:05: INFO [model.py:7] [OK] Fuck yeah! Database path: database/notax.db
21:50:16: INFO [model.py:7] [OK] Fuck yeah! Database path: database/notax.db
21:50:33: INFO [model.py:7] [OK] Fuck yeah! Database path: database/notax.db
21:50:50: INFO [model.py:7] [OK] Fuck yeah! Database path: database/notax.db
21:51:35: INFO [model.py:7] [OK] Fuck yeah! Database path: database/notax.db
21:51:48: INFO [model.py:7] [OK] Fuck yeah! Database path: database/notax.db
21:53:00: INFO [model.py:7] [OK] Fuck yeah! Database path: database/notax.db
21:53:16: INFO [model.py:7] [OK] Fuck yeah! Database path: database/notax.db
21:57:55: INFO [model.py:7] [OK] Fuck yeah! Database path: database/notax.db
21:58:19: INFO [model.py:7] [OK] Fuck yeah! Database path: database/notax.db
21:58:43: INFO [model.py:7] [OK] Fuck yeah! Database path: database/notax.db
21:58:53: INFO [model.py:7] [OK] Fuck yeah! Database path: database/notax.db
21:59:50: INFO [model.py:7] [OK] Fuck yeah! Database path: database/notax.db
22:00:31: INFO [model.py:7] [OK] Fuck yeah! Database path: database/notax.db
22:01:16: INFO [model.py:7] [OK] Fuck yeah! Database path: database/notax.db
22:02:16: INFO [model.py:7] [OK] Fuck yeah! Database path: database/notax.db
22:02:45: INFO [model.py:7] [OK] Fuck yeah! Database path: database/notax.db
22:02:58: INFO [model.py:7] [OK] Fuck yeah! Database path: database/notax.db
22:03:25: INFO [model.py:7] [OK] Fuck yeah! Database path: database/notax.db
22:04:17: INFO [model.py:7] [OK] Fuck yeah! Database path: database/notax.db
22:04:29: INFO [model.py:7] [OK] Fuck yeah! Database path: database/notax.db
22:04:53: INFO [model.py:7] [OK] Fuck yeah! Database path: database/notax.db
22:05:13: INFO [model.py:7] [OK] Fuck yeah! Database path: database/notax.db
22:05:21: INFO [model.py:7] [OK] Fuck yeah! Database path: database/notax.db
22:05:48: INFO [model.py:7] [OK] Fuck yeah! Database path: database/notax.db
22:06:04: INFO [model.py:7] [OK] Fuck yeah! Database path: database/notax.db
22:06:51: INFO [model.py:7] [OK] Fuck yeah! Database path: database/notax.db
22:07:00: INFO [model.py:7] [OK] Fuck yeah! Database path: database/notax.db
22:07:24: INFO [model.py:7] [OK] Fuck yeah! Database path: database/notax.db
22:07:34: INFO [model.py:7] [OK] Fuck yeah! Database path: database/notax.db
22:07:47: INFO [model.py:7] [OK] Fuck yeah! Database path: database/notax.db
22:08:11: INFO [model.py:7] [OK] Fuck yeah! Database path: database/notax.db
22:08:24: INFO [model.py:7] [OK] Fuck yeah! Database path: database/notax.db
22:08:37: INFO [model.py:7] [OK] Fuck yeah! Database path: database/notax.db
22:08:52: INFO [model.py:7] [OK] Fuck yeah! Database path: database/notax.db
22:08:58: INFO [model.py:7] [OK] Fuck yeah! Database path: database/notax.db
22:09:11: INFO [model.py:7] [OK] Fuck yeah! Database path: database/notax.db
22:09:29: INFO [model.py:7] [OK] Fuck yeah! Database path: database/notax.db
22:09:38: INFO [model.py:7] [OK] Fuck yeah! Database path: database/notax.db
22:10:05: INFO [model.py:7] [OK] Fuck yeah! Database path: database/notax.db
22:10:38: INFO [model.py:7] [OK] Fuck yeah! Database path: database/notax.db
22:11:17: INFO [model.py:7] [OK] Fuck yeah! Database path: database/notax.db
22:11:41: INFO [model.py:7] [OK] Fuck yeah! Database path: database/notax.db
22:11:49: INFO [model.py:7] [OK] Fuck yeah! Database path: database/notax.db
22:12:01: INFO [model.py:7] [OK] Fuck yeah! Database path: database/notax.db
22:12:27: INFO [model.py:7] [OK] Fuck yeah! Database path: database/notax.db
22:14:05: INFO [model.py:7] [OK] Fuck yeah! Database path: database/notax.db
22:14:53: INFO [model.py:7] [OK] Fuck yeah! Database path: database/notax.db
22:16:04: INFO [model.py:7] [OK] Fuck yeah! Database path: database/notax.db
22:16:18: INFO [model.py:7] [OK] Fuck yeah! Database path: database/notax.db
22:16:24: INFO [model.py:7] [OK] Fuck yeah! Database path: database/notax.db
22:18:05: INFO [model.py:7] [OK] Fuck yeah! Database path: database/notax.db
22:27:49: INFO [model.py:7] [OK] Fuck yeah! Database path: database/notax.db
23:07:47: INFO [model.py:7] [OK] Fuck yeah! Database path: database/notax.db
23:08:00: INFO [model.py:7] [OK] Fuck yeah! Database path: database/notax.db
